<?xml version="1.0" encoding="UTF-8"?>
<!-- Generated by org.testng.reporters.JUnitXMLReporter -->
<testsuite ignored="2" hostname="DK" failures="0" tests="1" name="Default test" time="4.1" errors="0" timestamp="2024-08-08T19:28:16 IST">
  <testcase classname="precticeTest.SampleReportTest" name="createContactTest" time="4.064"/>
  <testcase classname="precticeTest.SampleReportTest" name="createContactWithOrg" time="0.0">
    <ignored/>
  </testcase> <!-- createContactWithOrg -->
  <testcase classname="precticeTest.SampleReportTest" name="createContactWithPhoneNumber" time="0.0">
    <ignored/>
  </testcase> <!-- createContactWithPhoneNumber -->
</testsuite> <!-- Default test -->
