<?xml version="1.0" encoding="UTF-8"?>
<testng-results ignored="2" total="3" passed="1" failed="0" skipped="0">
  <reporter-output>
  </reporter-output>
  <suite started-at="2024-08-08T19:28:12 IST" name="Default suite" finished-at="2024-08-08T19:28:16 IST" duration-ms="4100">
    <groups>
    </groups>
    <test started-at="2024-08-08T19:28:12 IST" name="Default test" finished-at="2024-08-08T19:28:16 IST" duration-ms="4100">
      <class name="precticeTest.SampleReportTest">
        <test-method is-config="true" signature="configBS()[pri:0, instance:precticeTest.SampleReportTest@61001b64]" started-at="2024-08-08T19:28:12 IST" name="configBS" finished-at="2024-08-08T19:28:12 IST" duration-ms="375" status="PASS">
          <reporter-output>
          </reporter-output>
        </test-method> <!-- configBS -->
        <test-method signature="createContactTest()[pri:0, instance:precticeTest.SampleReportTest@61001b64]" started-at="2024-08-08T19:28:12 IST" name="createContactTest" finished-at="2024-08-08T19:28:16 IST" duration-ms="4064" status="PASS">
          <reporter-output>
          </reporter-output>
        </test-method> <!-- createContactTest -->
        <test-method is-config="true" signature="configAS()[pri:0, instance:precticeTest.SampleReportTest@61001b64]" started-at="2024-08-08T19:28:16 IST" name="configAS" finished-at="2024-08-08T19:28:16 IST" duration-ms="21" status="PASS">
          <reporter-output>
          </reporter-output>
        </test-method> <!-- configAS -->
      </class> <!-- precticeTest.SampleReportTest -->
    </test> <!-- Default test -->
  </suite> <!-- Default suite -->
</testng-results>
